<?xml version="1.0" encoding="UTF-8"?>
<robot generator="Robot 5.0.1 (Python 3.9.13 on win32)" generated="20221127 20:56:35.687" rpa="true" schemaversion="3">
<suite id="s1" name="TesteRPA" source="c:\Users\tggom\OneDrive\Documentos\Automação de Testes\RobotFramework\RPA\RPARobot\Tests\TesteRPA.robot">
<test id="s1-t1" name="RPA02 - Abre um aplicativo e faz login" line="11">
<kw name="Abre o aplicativo X" library="ControllerTestRPA">
<kw name="Open Application" library="RPA.Desktop">
<arg>${Program_Steam}</arg>
<doc>Start a given application by name (if in PATH),
or by path to executable.</doc>
<msg timestamp="20221127 20:56:36.587" level="INFO">Starting application: C:/Program Files (x86)/Steam/Steam.exe</msg>
<status status="PASS" starttime="20221127 20:56:36.586" endtime="20221127 20:56:36.591"/>
</kw>
<kw name="Sleep" library="BuiltIn">
<arg>10s</arg>
<doc>Pauses the test executed for the given time.</doc>
<msg timestamp="20221127 20:56:46.594" level="INFO">Slept 10 seconds</msg>
<status status="PASS" starttime="20221127 20:56:36.591" endtime="20221127 20:56:46.594"/>
</kw>
<status status="PASS" starttime="20221127 20:56:36.586" endtime="20221127 20:56:46.595"/>
</kw>
<kw name="Close All Applications" library="RPA.Desktop" type="TEARDOWN">
<doc>Close all opened applications.</doc>
<status status="PASS" starttime="20221127 20:56:46.596" endtime="20221127 20:56:46.596"/>
</kw>
<status status="PASS" starttime="20221127 20:56:36.585" endtime="20221127 20:56:46.597"/>
</test>
<status status="PASS" starttime="20221127 20:56:35.693" endtime="20221127 20:56:46.602"/>
</suite>
<statistics>
<total>
<stat pass="1" fail="0" skip="0">All Tasks</stat>
</total>
<tag>
</tag>
<suite>
<stat pass="1" fail="0" skip="0" id="s1" name="TesteRPA">TesteRPA</stat>
</suite>
</statistics>
<errors>
</errors>
</robot>
